TN:
SF:lib/bagofcli.js
FN:29,command
FN:77,_preCommand
FN:112,_postCommand
FN:117,validators.required
FN:121,_validate
FN:215,exec
FN:235,execAndCollect
FN:257,execute
FN:298,exit
FN:315,exitCb
FN:318,errorCb
FN:324,successCb
FN:349,files
FN:353,addMatch
FN:392,lookupConfig
FN:412,lookup
FN:427,tasks.<computed>
FN:477,lookupFile
FN:513,spawn
FNF:19
FNH:19
FNDA:3,command
FNDA:6,_preCommand
FNDA:21,_postCommand
FNDA:1,validators.required
FNDA:9,_validate
FNDA:2,exec
FNDA:3,execAndCollect
FNDA:5,execute
FNDA:14,exit
FNDA:6,exitCb
FNDA:2,errorCb
FNDA:1,successCb
FNDA:6,files
FNDA:9,addMatch
FNDA:11,lookupConfig
FNDA:18,lookup
FNDA:18,tasks.<computed>
FNDA:6,lookupFile
FNDA:3,spawn
DA:1,1
DA:2,1
DA:3,1
DA:4,1
DA:5,1
DA:6,1
DA:7,1
DA:8,1
DA:9,1
DA:10,1
DA:11,1
DA:12,1
DA:13,1
DA:14,1
DA:15,1
DA:16,1
DA:17,1
DA:18,1
DA:19,1
DA:20,1
DA:21,1
DA:22,1
DA:23,1
DA:24,1
DA:25,1
DA:26,1
DA:27,1
DA:28,1
DA:29,3
DA:30,3
DA:31,3
DA:32,3
DA:33,3
DA:34,3
DA:35,3
DA:36,3
DA:37,3
DA:38,1
DA:39,3
DA:40,2
DA:41,2
DA:42,1
DA:43,1
DA:44,3
DA:45,3
DA:46,3
DA:47,3
DA:48,1
DA:49,1
DA:50,1
DA:51,1
DA:52,3
DA:53,3
DA:54,6
DA:55,6
DA:56,6
DA:57,6
DA:58,6
DA:59,3
DA:60,6
DA:61,6
DA:62,6
DA:63,3
DA:64,3
DA:65,3
DA:66,3
DA:67,3
DA:68,3
DA:69,3
DA:70,3
DA:71,3
DA:72,3
DA:73,3
DA:74,1
DA:75,1
DA:76,1
DA:77,6
DA:78,6
DA:79,3
DA:80,3
DA:81,3
DA:82,8
DA:83,3
DA:84,3
DA:85,2
DA:86,3
DA:87,2
DA:88,2
DA:89,3
DA:90,3
DA:91,3
DA:92,1
DA:93,1
DA:94,1
DA:95,1
DA:96,4
DA:97,2
DA:98,2
DA:99,3
DA:100,2
DA:101,2
DA:102,1
DA:103,1
DA:104,6
DA:105,6
DA:106,1
DA:107,1
DA:108,1
DA:109,1
DA:110,1
DA:111,1
DA:112,21
DA:113,21
DA:114,21
DA:115,21
DA:116,21
DA:117,21
DA:118,1
DA:119,21
DA:120,21
DA:121,21
DA:122,9
DA:123,9
DA:124,9
DA:125,8
DA:126,8
DA:127,5
DA:128,5
DA:129,9
DA:130,1
DA:131,1
DA:132,9
DA:133,9
DA:134,21
DA:135,21
DA:136,6
DA:137,6
DA:138,6
DA:139,6
DA:140,6
DA:141,6
DA:142,6
DA:143,6
DA:144,6
DA:145,6
DA:146,6
DA:147,21
DA:148,15
DA:149,15
DA:150,15
DA:151,15
DA:152,15
DA:153,15
DA:154,15
DA:155,15
DA:156,1
DA:157,1
DA:158,15
DA:159,8
DA:160,8
DA:161,8
DA:162,8
DA:163,8
DA:164,3
DA:165,8
DA:166,3
DA:167,8
DA:168,5
DA:169,5
DA:170,6
DA:171,5
DA:172,5
DA:173,5
DA:174,6
DA:175,5
DA:176,8
DA:177,15
DA:178,15
DA:179,15
DA:180,3
DA:181,3
DA:182,2
DA:183,2
DA:184,2
DA:185,2
DA:186,3
DA:187,3
DA:188,15
DA:189,15
DA:190,15
DA:191,3
DA:192,3
DA:193,2
DA:194,2
DA:195,2
DA:196,2
DA:197,3
DA:198,3
DA:199,15
DA:200,21
DA:201,1
DA:202,1
DA:203,1
DA:204,1
DA:205,1
DA:206,1
DA:207,1
DA:208,1
DA:209,1
DA:210,1
DA:211,1
DA:212,1
DA:213,1
DA:214,1
DA:215,2
DA:216,2
DA:217,2
DA:218,2
DA:219,2
DA:220,2
DA:221,1
DA:222,1
DA:223,1
DA:224,1
DA:225,1
DA:226,1
DA:227,1
DA:228,1
DA:229,1
DA:230,1
DA:231,1
DA:232,1
DA:233,1
DA:234,1
DA:235,3
DA:236,3
DA:237,3
DA:238,1
DA:239,1
DA:240,1
DA:241,1
DA:242,1
DA:243,1
DA:244,1
DA:245,1
DA:246,1
DA:247,1
DA:248,1
DA:249,1
DA:250,1
DA:251,1
DA:252,1
DA:253,1
DA:254,1
DA:255,1
DA:256,1
DA:257,5
DA:258,5
DA:259,5
DA:260,5
DA:261,5
DA:262,5
DA:263,5
DA:264,2
DA:265,2
DA:266,2
DA:267,2
DA:268,5
DA:269,5
DA:270,5
DA:271,5
DA:272,7
DA:273,6
DA:274,7
DA:275,1
DA:276,1
DA:277,5
DA:278,5
DA:279,5
DA:280,7
DA:281,6
DA:282,7
DA:283,1
DA:284,1
DA:285,5
DA:286,5
DA:287,1
DA:288,1
DA:289,1
DA:290,1
DA:291,1
DA:292,1
DA:293,1
DA:294,1
DA:295,1
DA:296,1
DA:297,1
DA:298,14
DA:299,14
DA:300,13
DA:301,13
DA:302,14
DA:303,1
DA:304,1
DA:305,14
DA:306,1
DA:307,1
DA:308,1
DA:309,1
DA:310,1
DA:311,1
DA:312,1
DA:313,1
DA:314,1
DA:315,6
DA:316,6
DA:317,6
DA:318,4
DA:319,2
DA:320,4
DA:321,4
DA:322,6
DA:323,6
DA:324,5
DA:325,1
DA:326,5
DA:327,5
DA:328,6
DA:329,6
DA:330,6
DA:331,4
DA:332,4
DA:333,6
DA:334,2
DA:335,2
DA:336,2
DA:337,6
DA:338,6
DA:339,1
DA:340,1
DA:341,1
DA:342,1
DA:343,1
DA:344,1
DA:345,1
DA:346,1
DA:347,1
DA:348,1
DA:349,6
DA:350,6
DA:351,6
DA:352,6
DA:353,6
DA:354,9
DA:355,6
DA:356,6
DA:357,9
DA:358,6
DA:359,6
DA:360,9
DA:361,9
DA:362,9
DA:363,4
DA:364,4
DA:365,9
DA:366,4
DA:367,4
DA:368,6
DA:369,6
DA:370,5
DA:371,5
DA:372,4
DA:373,4
DA:374,6
DA:375,6
DA:376,6
DA:377,1
DA:378,1
DA:379,1
DA:380,1
DA:381,1
DA:382,1
DA:383,1
DA:384,1
DA:385,1
DA:386,1
DA:387,1
DA:388,1
DA:389,1
DA:390,1
DA:391,1
DA:392,11
DA:393,11
DA:394,11
DA:395,1
DA:396,1
DA:397,11
DA:398,11
DA:399,11
DA:400,11
DA:401,11
DA:402,8
DA:403,8
DA:404,2
DA:405,8
DA:406,5
DA:407,6
DA:408,1
DA:409,1
DA:410,8
DA:411,10
DA:412,10
DA:413,18
DA:414,6
DA:415,18
DA:416,2
DA:417,12
DA:418,5
DA:419,5
DA:420,5
DA:421,5
DA:422,18
DA:423,10
DA:424,10
DA:425,10
DA:426,10
DA:427,18
DA:428,18
DA:429,18
DA:430,18
DA:431,18
DA:432,10
DA:433,10
DA:434,10
DA:435,10
DA:436,10
DA:437,3
DA:438,3
DA:439,3
DA:440,3
DA:441,6
DA:442,4
DA:443,2
DA:444,2
DA:445,2
DA:446,2
DA:447,4
DA:448,3
DA:449,3
DA:450,2
DA:451,2
DA:452,2
DA:453,2
DA:454,3
DA:455,1
DA:456,1
DA:457,10
DA:458,7
DA:459,7
DA:460,10
DA:461,11
DA:462,1
DA:463,1
DA:464,1
DA:465,1
DA:466,1
DA:467,1
DA:468,1
DA:469,1
DA:470,1
DA:471,1
DA:472,1
DA:473,1
DA:474,1
DA:475,1
DA:476,1
DA:477,6
DA:478,6
DA:479,6
DA:480,6
DA:481,6
DA:482,6
DA:483,6
DA:484,12
DA:485,6
DA:486,6
DA:487,6
DA:488,10
DA:489,10
DA:490,10
DA:491,10
DA:492,6
DA:493,6
DA:494,10
DA:495,6
DA:496,6
DA:497,4
DA:498,6
DA:499,2
DA:500,2
DA:501,6
DA:502,1
DA:503,1
DA:504,1
DA:505,1
DA:506,1
DA:507,1
DA:508,1
DA:509,1
DA:510,1
DA:511,1
DA:512,1
DA:513,3
DA:514,3
DA:515,3
DA:516,3
DA:517,3
DA:518,1
DA:519,3
DA:520,3
DA:521,3
DA:522,1
DA:523,3
DA:524,3
DA:525,3
DA:526,2
DA:527,3
DA:528,3
DA:529,1
DA:530,1
DA:531,1
DA:532,1
DA:533,1
DA:534,1
DA:535,1
DA:536,1
DA:537,1
DA:538,1
DA:539,1
DA:540,1
DA:541,1
DA:542,1
DA:543,1
DA:544,1
DA:545,1
DA:546,1
LF:546
LH:546
BRDA:1,0,0,1
BRDA:29,1,0,3
BRDA:31,2,0,2
BRDA:32,3,0,2
BRDA:34,4,0,2
BRDA:37,5,0,1
BRDA:37,6,0,1
BRDA:47,7,0,1
BRDA:38,8,0,3
BRDA:39,9,0,2
BRDA:48,10,0,1
BRDA:53,11,0,6
BRDA:58,12,0,3
BRDA:77,13,0,6
BRDA:78,14,0,3
BRDA:84,15,0,2
BRDA:91,16,0,1
BRDA:81,17,0,8
BRDA:85,18,0,3
BRDA:95,19,0,4
BRDA:96,20,0,2
BRDA:98,21,0,3
BRDA:112,22,0,21
BRDA:135,23,0,6
BRDA:147,24,0,15
BRDA:150,25,0,14
BRDA:150,26,0,1
BRDA:152,27,0,14
BRDA:152,28,0,1
BRDA:155,29,0,1
BRDA:158,30,0,14
BRDA:158,31,0,8
BRDA:158,32,0,8
BRDA:163,33,0,3
BRDA:167,34,0,5
BRDA:169,35,0,6
BRDA:170,36,0,5
BRDA:179,37,0,3
BRDA:190,38,0,3
BRDA:117,39,0,1
BRDA:121,40,0,9
BRDA:122,41,0,9
BRDA:124,42,0,8
BRDA:126,43,0,5
BRDA:129,44,0,1
BRDA:151,45,0,14
BRDA:164,46,0,8
BRDA:165,47,0,3
BRDA:165,48,0,5
BRDA:180,49,0,3
BRDA:181,50,0,2
BRDA:191,51,0,3
BRDA:192,52,0,2
BRDA:215,53,0,2
BRDA:216,54,0,2
BRDA:235,55,0,3
BRDA:257,56,0,5
BRDA:261,57,0,5
BRDA:263,58,0,4
BRDA:263,59,0,2
BRDA:271,60,0,7
BRDA:272,61,0,6
BRDA:274,62,0,1
BRDA:279,63,0,7
BRDA:280,64,0,6
BRDA:282,65,0,1
BRDA:298,66,0,14
BRDA:299,67,0,13
BRDA:300,68,0,2
BRDA:302,69,0,1
BRDA:315,70,0,6
BRDA:317,71,0,4
BRDA:323,72,0,5
BRDA:318,73,0,2
BRDA:319,74,0,1
BRDA:324,75,0,1
BRDA:329,76,0,6
BRDA:330,77,0,4
BRDA:333,78,0,2
BRDA:349,79,0,6
BRDA:350,80,0,4
BRDA:353,81,0,9
BRDA:354,82,0,5
BRDA:354,83,0,6
BRDA:359,84,0,9
BRDA:362,85,0,4
BRDA:365,86,0,5
BRDA:365,87,0,4
BRDA:367,88,0,6
BRDA:369,89,0,5
BRDA:392,90,0,11
BRDA:394,91,0,1
BRDA:397,92,0,8
BRDA:401,93,0,8
BRDA:403,94,0,2
BRDA:405,95,0,6
BRDA:405,96,0,5
BRDA:407,97,0,1
BRDA:410,98,0,10
BRDA:412,99,0,18
BRDA:413,100,0,6
BRDA:415,101,0,12
BRDA:415,102,0,2
BRDA:417,103,0,10
BRDA:417,104,0,5
BRDA:426,105,0,18
BRDA:427,106,0,18
BRDA:428,107,0,18
BRDA:434,108,0,10
BRDA:436,109,0,3
BRDA:449,110,0,2
BRDA:454,111,0,1
BRDA:457,112,0,7
BRDA:440,113,0,6
BRDA:441,114,0,4
BRDA:442,115,0,2
BRDA:450,116,0,2
BRDA:477,117,0,6
BRDA:478,118,0,2
BRDA:480,119,0,2
BRDA:481,120,0,2
BRDA:481,121,0,4
BRDA:482,122,0,1
BRDA:482,123,0,5
BRDA:487,124,0,10
BRDA:491,125,0,6
BRDA:496,126,0,4
BRDA:498,127,0,2
BRDA:483,128,0,12
BRDA:484,129,0,4
BRDA:484,130,0,8
BRDA:513,131,0,3
BRDA:517,132,0,1
BRDA:521,133,0,1
BRDA:525,134,0,2
BRDA:526,135,0,1
BRDA:526,136,0,1
BRF:137
BRH:137
end_of_record
