TN:
SF:lib/bagofcli.js
FN:38,command
FN:89,name
FN:115,_preCommand
FN:155,_postCommand
FN:159,validators.required
FN:163,_validate
FN:193,_getOptionValue
FN:320,exec
FN:346,execAndCollect
FN:368,execute
FN:410,exit
FN:428,exitCb
FN:430,errorCb
FN:436,successCb
FN:461,files
FN:465,addMatch
FN:506,lookupConfig
FN:525,lookup
FN:540,tasks.<computed>
FN:594,lookupFile
FN:631,spawn
FN:655,logStepHeading
FN:674,logStepItemSuccess
FN:693,logStepItemWarning
FN:712,logStepItemError
FNF:25
FNH:25
FNDA:4,command
FNDA:1,name
FNDA:7,_preCommand
FNDA:25,_postCommand
FNDA:1,validators.required
FNDA:12,_validate
FNDA:7,_getOptionValue
FNDA:2,exec
FNDA:3,execAndCollect
FNDA:5,execute
FNDA:17,exit
FNDA:6,exitCb
FNDA:2,errorCb
FNDA:1,successCb
FNDA:6,files
FNDA:9,addMatch
FNDA:11,lookupConfig
FNDA:18,lookup
FNDA:18,tasks.<computed>
FNDA:6,lookupFile
FNDA:3,spawn
FNDA:2,logStepHeading
FNDA:2,logStepItemSuccess
FNDA:2,logStepItemWarning
FNDA:2,logStepItemError
DA:1,1
DA:2,1
DA:3,1
DA:4,1
DA:5,1
DA:6,1
DA:7,1
DA:8,1
DA:9,1
DA:10,1
DA:11,1
DA:12,1
DA:13,1
DA:14,1
DA:15,1
DA:16,1
DA:17,1
DA:18,1
DA:19,1
DA:20,1
DA:21,1
DA:22,1
DA:23,1
DA:24,1
DA:25,1
DA:26,1
DA:27,1
DA:28,1
DA:29,1
DA:30,1
DA:31,1
DA:32,1
DA:33,1
DA:34,1
DA:35,1
DA:36,1
DA:37,1
DA:38,4
DA:39,4
DA:40,4
DA:41,4
DA:42,4
DA:43,4
DA:44,4
DA:45,4
DA:46,4
DA:47,4
DA:48,4
DA:49,4
DA:50,4
DA:51,4
DA:52,4
DA:53,2
DA:54,4
DA:55,3
DA:56,3
DA:57,2
DA:58,2
DA:59,4
DA:60,4
DA:61,4
DA:62,4
DA:63,1
DA:64,1
DA:65,1
DA:66,1
DA:67,4
DA:68,4
DA:69,7
DA:70,7
DA:71,7
DA:72,7
DA:73,7
DA:74,7
DA:75,4
DA:76,7
DA:77,7
DA:78,7
DA:79,1
DA:80,1
DA:81,1
DA:82,1
DA:83,1
DA:84,1
DA:85,1
DA:86,1
DA:87,1
DA:88,1
DA:89,1
DA:90,1
DA:91,1
DA:92,1
DA:93,1
DA:94,4
DA:95,4
DA:96,4
DA:97,4
DA:98,4
DA:99,4
DA:100,4
DA:101,4
DA:102,4
DA:103,4
DA:104,4
DA:105,1
DA:106,1
DA:107,1
DA:108,1
DA:109,1
DA:110,1
DA:111,1
DA:112,1
DA:113,1
DA:114,1
DA:115,7
DA:116,7
DA:117,3
DA:118,8
DA:119,3
DA:120,3
DA:121,2
DA:122,3
DA:123,2
DA:124,2
DA:125,3
DA:126,3
DA:127,3
DA:128,1
DA:129,1
DA:130,1
DA:131,4
DA:132,2
DA:133,2
DA:134,3
DA:135,2
DA:136,2
DA:137,1
DA:138,1
DA:139,7
DA:140,7
DA:141,1
DA:142,1
DA:143,1
DA:144,1
DA:145,1
DA:146,1
DA:147,1
DA:148,1
DA:149,1
DA:150,1
DA:151,1
DA:152,1
DA:153,1
DA:154,1
DA:155,25
DA:156,25
DA:157,25
DA:158,25
DA:159,25
DA:160,1
DA:161,25
DA:162,25
DA:163,25
DA:164,12
DA:165,12
DA:166,12
DA:167,11
DA:168,11
DA:169,8
DA:170,8
DA:171,8
DA:172,8
DA:173,8
DA:174,8
DA:175,12
DA:176,1
DA:177,1
DA:178,12
DA:179,12
DA:180,25
DA:181,25
DA:182,25
DA:183,25
DA:184,25
DA:185,25
DA:186,25
DA:187,25
DA:188,25
DA:189,25
DA:190,25
DA:191,25
DA:192,25
DA:193,25
DA:194,7
DA:195,7
DA:196,1
DA:197,1
DA:198,6
DA:199,7
DA:200,1
DA:201,1
DA:202,1
DA:203,1
DA:204,1
DA:205,7
DA:206,7
DA:207,25
DA:208,25
DA:209,6
DA:210,6
DA:211,6
DA:212,6
DA:213,6
DA:214,6
DA:215,6
DA:216,6
DA:217,6
DA:218,6
DA:219,25
DA:220,19
DA:221,19
DA:222,19
DA:223,19
DA:224,19
DA:225,19
DA:226,14
DA:227,19
DA:228,19
DA:229,19
DA:230,19
DA:231,19
DA:232,19
DA:233,19
DA:234,1
DA:235,1
DA:236,1
DA:237,1
DA:238,1
DA:239,1
DA:240,1
DA:241,1
DA:242,19
DA:243,8
DA:244,8
DA:245,8
DA:246,8
DA:247,8
DA:248,8
DA:249,8
DA:250,8
DA:251,3
DA:252,3
DA:253,3
DA:254,3
DA:255,3
DA:256,3
DA:257,3
DA:258,3
DA:259,8
DA:260,3
DA:261,3
DA:262,3
DA:263,3
DA:264,3
DA:265,8
DA:266,5
DA:267,5
DA:268,6
DA:269,5
DA:270,5
DA:271,5
DA:272,5
DA:273,5
DA:274,5
DA:275,5
DA:276,5
DA:277,5
DA:278,6
DA:279,5
DA:280,8
DA:281,19
DA:282,19
DA:283,19
DA:284,6
DA:285,6
DA:286,4
DA:287,4
DA:288,4
DA:289,4
DA:290,6
DA:291,6
DA:292,19
DA:293,19
DA:294,19
DA:295,4
DA:296,4
DA:297,3
DA:298,3
DA:299,3
DA:300,3
DA:301,4
DA:302,4
DA:303,19
DA:304,25
DA:305,1
DA:306,1
DA:307,1
DA:308,1
DA:309,1
DA:310,1
DA:311,1
DA:312,1
DA:313,1
DA:314,1
DA:315,1
DA:316,1
DA:317,1
DA:318,1
DA:319,1
DA:320,2
DA:321,2
DA:322,2
DA:323,2
DA:324,2
DA:325,2
DA:326,2
DA:327,2
DA:328,2
DA:329,2
DA:330,2
DA:331,1
DA:332,1
DA:333,1
DA:334,1
DA:335,1
DA:336,1
DA:337,1
DA:338,1
DA:339,1
DA:340,1
DA:341,1
DA:342,1
DA:343,1
DA:344,1
DA:345,1
DA:346,3
DA:347,3
DA:348,3
DA:349,1
DA:350,1
DA:351,1
DA:352,1
DA:353,1
DA:354,1
DA:355,1
DA:356,1
DA:357,1
DA:358,1
DA:359,1
DA:360,1
DA:361,1
DA:362,1
DA:363,1
DA:364,1
DA:365,1
DA:366,1
DA:367,1
DA:368,5
DA:369,5
DA:370,5
DA:371,5
DA:372,5
DA:373,5
DA:374,5
DA:375,2
DA:376,2
DA:377,2
DA:378,2
DA:379,5
DA:380,5
DA:381,5
DA:382,5
DA:383,7
DA:384,6
DA:385,7
DA:386,1
DA:387,1
DA:388,5
DA:389,5
DA:390,5
DA:391,7
DA:392,6
DA:393,7
DA:394,1
DA:395,1
DA:396,5
DA:397,5
DA:398,1
DA:399,1
DA:400,1
DA:401,1
DA:402,1
DA:403,1
DA:404,1
DA:405,1
DA:406,1
DA:407,1
DA:408,1
DA:409,1
DA:410,17
DA:411,17
DA:412,16
DA:413,16
DA:414,17
DA:415,1
DA:416,1
DA:417,17
DA:418,1
DA:419,1
DA:420,1
DA:421,1
DA:422,1
DA:423,1
DA:424,1
DA:425,1
DA:426,1
DA:427,1
DA:428,6
DA:429,6
DA:430,4
DA:431,2
DA:432,4
DA:433,4
DA:434,6
DA:435,6
DA:436,5
DA:437,1
DA:438,5
DA:439,5
DA:440,6
DA:441,6
DA:442,6
DA:443,4
DA:444,4
DA:445,6
DA:446,2
DA:447,2
DA:448,2
DA:449,6
DA:450,6
DA:451,1
DA:452,1
DA:453,1
DA:454,1
DA:455,1
DA:456,1
DA:457,1
DA:458,1
DA:459,1
DA:460,1
DA:461,6
DA:462,6
DA:463,6
DA:464,6
DA:465,6
DA:466,9
DA:467,9
DA:468,5
DA:469,9
DA:470,6
DA:471,6
DA:472,9
DA:473,6
DA:474,6
DA:475,9
DA:476,9
DA:477,9
DA:478,4
DA:479,9
DA:480,4
DA:481,4
DA:482,6
DA:483,6
DA:484,5
DA:485,5
DA:486,4
DA:487,4
DA:488,6
DA:489,6
DA:490,6
DA:491,1
DA:492,1
DA:493,1
DA:494,1
DA:495,1
DA:496,1
DA:497,1
DA:498,1
DA:499,1
DA:500,1
DA:501,1
DA:502,1
DA:503,1
DA:504,1
DA:505,1
DA:506,11
DA:507,11
DA:508,1
DA:509,1
DA:510,11
DA:511,11
DA:512,11
DA:513,11
DA:514,11
DA:515,8
DA:516,8
DA:517,2
DA:518,8
DA:519,5
DA:520,6
DA:521,1
DA:522,1
DA:523,8
DA:524,10
DA:525,10
DA:526,18
DA:527,6
DA:528,18
DA:529,2
DA:530,12
DA:531,5
DA:532,5
DA:533,5
DA:534,5
DA:535,18
DA:536,10
DA:537,10
DA:538,10
DA:539,10
DA:540,18
DA:541,18
DA:542,18
DA:543,18
DA:544,18
DA:545,10
DA:546,10
DA:547,10
DA:548,10
DA:549,3
DA:550,3
DA:551,3
DA:552,3
DA:553,6
DA:554,4
DA:555,4
DA:556,4
DA:557,4
DA:558,4
DA:559,4
DA:560,2
DA:561,2
DA:562,2
DA:563,2
DA:564,4
DA:565,4
DA:566,3
DA:567,3
DA:568,2
DA:569,2
DA:570,2
DA:571,2
DA:572,3
DA:573,1
DA:574,1
DA:575,10
DA:576,7
DA:577,7
DA:578,10
DA:579,11
DA:580,1
DA:581,1
DA:582,1
DA:583,1
DA:584,1
DA:585,1
DA:586,1
DA:587,1
DA:588,1
DA:589,1
DA:590,1
DA:591,1
DA:592,1
DA:593,1
DA:594,6
DA:595,6
DA:596,6
DA:597,6
DA:598,6
DA:599,6
DA:600,6
DA:601,12
DA:602,6
DA:603,6
DA:604,6
DA:605,10
DA:606,10
DA:607,10
DA:608,10
DA:609,6
DA:610,6
DA:611,10
DA:612,6
DA:613,6
DA:614,4
DA:615,6
DA:616,2
DA:617,2
DA:618,6
DA:619,1
DA:620,1
DA:621,1
DA:622,1
DA:623,1
DA:624,1
DA:625,1
DA:626,1
DA:627,1
DA:628,1
DA:629,1
DA:630,1
DA:631,3
DA:632,3
DA:633,3
DA:634,3
DA:635,1
DA:636,3
DA:637,3
DA:638,3
DA:639,1
DA:640,3
DA:641,3
DA:642,3
DA:643,2
DA:644,3
DA:645,3
DA:646,1
DA:647,1
DA:648,1
DA:649,1
DA:650,1
DA:651,1
DA:652,1
DA:653,1
DA:654,1
DA:655,2
DA:656,2
DA:657,2
DA:658,2
DA:659,1
DA:660,1
DA:661,1
DA:662,1
DA:663,1
DA:664,2
DA:665,1
DA:666,1
DA:667,1
DA:668,1
DA:669,1
DA:670,1
DA:671,1
DA:672,1
DA:673,1
DA:674,2
DA:675,2
DA:676,2
DA:677,2
DA:678,1
DA:679,1
DA:680,1
DA:681,1
DA:682,1
DA:683,2
DA:684,1
DA:685,1
DA:686,1
DA:687,1
DA:688,1
DA:689,1
DA:690,1
DA:691,1
DA:692,1
DA:693,2
DA:694,2
DA:695,2
DA:696,2
DA:697,1
DA:698,1
DA:699,1
DA:700,1
DA:701,1
DA:702,2
DA:703,1
DA:704,1
DA:705,1
DA:706,1
DA:707,1
DA:708,1
DA:709,1
DA:710,1
DA:711,1
DA:712,2
DA:713,2
DA:714,2
DA:715,2
DA:716,1
DA:717,1
DA:718,1
DA:719,1
DA:720,1
DA:721,2
DA:722,1
DA:723,1
DA:724,1
DA:725,1
DA:726,1
DA:727,1
DA:728,1
DA:729,1
DA:730,1
DA:731,1
DA:732,1
DA:733,1
DA:734,1
DA:735,1
DA:736,1
DA:737,1
DA:738,1
DA:739,1
DA:740,1
DA:741,1
LF:741
LH:741
BRDA:1,0,0,1
BRDA:38,1,0,4
BRDA:39,2,0,2
BRDA:40,3,0,3
BRDA:47,4,0,3
BRDA:52,5,0,2
BRDA:52,6,0,2
BRDA:62,7,0,1
BRDA:53,8,0,4
BRDA:54,9,0,3
BRDA:63,10,0,1
BRDA:68,11,0,7
BRDA:78,12,0,1
BRDA:74,13,0,4
BRDA:79,14,0,1
BRDA:89,15,0,1
BRDA:115,16,0,7
BRDA:116,17,0,3
BRDA:120,18,0,2
BRDA:127,19,0,1
BRDA:117,20,0,8
BRDA:121,21,0,3
BRDA:130,22,0,4
BRDA:131,23,0,2
BRDA:133,24,0,3
BRDA:155,25,0,25
BRDA:208,26,0,22
BRDA:208,27,0,6
BRDA:219,28,0,19
BRDA:223,29,0,18
BRDA:224,30,0,1
BRDA:229,31,0,18
BRDA:230,32,0,1
BRDA:233,33,0,1
BRDA:242,34,0,18
BRDA:242,35,0,8
BRDA:242,36,0,8
BRDA:245,37,0,0
BRDA:250,38,0,3
BRDA:265,39,0,5
BRDA:267,40,0,6
BRDA:268,41,0,5
BRDA:283,42,0,6
BRDA:294,43,0,4
BRDA:159,44,0,1
BRDA:163,45,0,12
BRDA:164,46,0,12
BRDA:166,47,0,11
BRDA:168,48,0,8
BRDA:175,49,0,1
BRDA:193,50,0,7
BRDA:195,51,0,1
BRDA:198,52,0,6
BRDA:199,53,0,5
BRDA:199,54,0,1
BRDA:205,55,0,5
BRDA:205,56,0,4
BRDA:205,57,0,1
BRDA:225,58,0,14
BRDA:258,59,0,8
BRDA:259,60,0,3
BRDA:259,61,0,5
BRDA:284,62,0,6
BRDA:285,63,0,4
BRDA:295,64,0,4
BRDA:296,65,0,3
BRDA:320,66,0,2
BRDA:325,67,0,2
BRDA:346,68,0,3
BRDA:368,69,0,5
BRDA:372,70,0,5
BRDA:374,71,0,4
BRDA:374,72,0,2
BRDA:382,73,0,7
BRDA:383,74,0,6
BRDA:385,75,0,1
BRDA:390,76,0,7
BRDA:391,77,0,6
BRDA:393,78,0,1
BRDA:410,79,0,17
BRDA:411,80,0,16
BRDA:412,81,0,2
BRDA:414,82,0,1
BRDA:428,83,0,6
BRDA:429,84,0,4
BRDA:435,85,0,5
BRDA:430,86,0,2
BRDA:431,87,0,1
BRDA:436,88,0,1
BRDA:441,89,0,6
BRDA:442,90,0,4
BRDA:445,91,0,2
BRDA:461,92,0,6
BRDA:462,93,0,4
BRDA:465,94,0,9
BRDA:467,95,0,5
BRDA:469,96,0,6
BRDA:474,97,0,9
BRDA:477,98,0,4
BRDA:479,99,0,5
BRDA:479,100,0,4
BRDA:481,101,0,6
BRDA:483,102,0,5
BRDA:506,103,0,11
BRDA:507,104,0,1
BRDA:510,105,0,8
BRDA:514,106,0,8
BRDA:516,107,0,2
BRDA:518,108,0,6
BRDA:518,109,0,5
BRDA:520,110,0,1
BRDA:524,111,0,10
BRDA:525,112,0,18
BRDA:526,113,0,6
BRDA:528,114,0,12
BRDA:528,115,0,2
BRDA:530,116,0,10
BRDA:530,117,0,5
BRDA:539,118,0,18
BRDA:540,119,0,18
BRDA:541,120,0,18
BRDA:547,121,0,10
BRDA:548,122,0,3
BRDA:567,123,0,2
BRDA:572,124,0,1
BRDA:575,125,0,7
BRDA:552,126,0,6
BRDA:553,127,0,4
BRDA:559,128,0,2
BRDA:568,129,0,2
BRDA:594,130,0,6
BRDA:595,131,0,2
BRDA:597,132,0,2
BRDA:598,133,0,2
BRDA:598,134,0,4
BRDA:599,135,0,1
BRDA:599,136,0,5
BRDA:604,137,0,10
BRDA:608,138,0,6
BRDA:613,139,0,4
BRDA:615,140,0,2
BRDA:600,141,0,12
BRDA:601,142,0,4
BRDA:601,143,0,8
BRDA:631,144,0,3
BRDA:634,145,0,1
BRDA:638,146,0,1
BRDA:642,147,0,2
BRDA:643,148,0,1
BRDA:643,149,0,1
BRDA:655,150,0,2
BRDA:656,151,0,1
BRDA:658,152,0,1
BRDA:658,153,0,1
BRDA:674,154,0,2
BRDA:675,155,0,1
BRDA:677,156,0,1
BRDA:677,157,0,1
BRDA:693,158,0,2
BRDA:694,159,0,1
BRDA:696,160,0,1
BRDA:696,161,0,1
BRDA:712,162,0,2
BRDA:713,163,0,1
BRDA:715,164,0,1
BRDA:715,165,0,1
BRF:166
BRH:165
end_of_record
